<?xml version="1.0" encoding="UTF-8"?>
<testsuite name="SearcherTest" tests="3" skipped="0" failures="0" errors="0" timestamp="2021-12-10T12:35:24" hostname="DESKTOP-26HKBMQ" time="0.07">
  <properties/>
  <testcase name="[1] found 3 objects where field &quot;weight&quot; equals &quot;229&quot;, src/test/java/JSON, weight, 229" classname="SearcherTest" time="0.06"/>
  <testcase name="[2] found 2 objects where field &quot;desc&quot; equals &quot;Driver Count Required&quot;, src/test/java/JSON, desc, Driver Count Required" classname="SearcherTest" time="0.003"/>
  <testcase name="[3] found 5 objects where field &quot;contactFunctionCode&quot; equals &quot;CN&quot;, src/test/java/JSON, contactFunctionCode, CN" classname="SearcherTest" time="0.003"/>
  <system-out><![CDATA[]]></system-out>
  <system-err><![CDATA[]]></system-err>
</testsuite>
